{"C:\\Users\\dekie\\OneDrive\\Dokumenty\\15projects\\TaskLists\\tasker\\src\\App.vue": {"path":"C:\\Users\\dekie\\OneDrive\\Dokumenty\\15projects\\TaskLists\\tasker\\src\\App.vue","statementMap":{"0":{"start":{"line":10,"column":0},"end":{"line":10,"column":null}},"1":{"start":{"line":11,"column":0},"end":{"line":11,"column":null}}},"fnMap":{},"branchMap":{},"s":{"0":0,"1":0},"f":{},"b":{}}
,"C:\\Users\\dekie\\OneDrive\\Dokumenty\\15projects\\TaskLists\\tasker\\src\\components\\TopBar.vue": {"path":"C:\\Users\\dekie\\OneDrive\\Dokumenty\\15projects\\TaskLists\\tasker\\src\\components\\TopBar.vue","statementMap":{"0":{"start":{"line":31,"column":0},"end":{"line":31,"column":null}}},"fnMap":{"0":{"name":"(anonymous_1)","decl":{"start":{"line":30,"column":0},"end":{"line":30,"column":null}},"loc":{"start":{"line":30,"column":0},"end":{"line":34,"column":null}}}},"branchMap":{},"s":{"0":0},"f":{"0":0},"b":{}}
,"C:\\Users\\dekie\\OneDrive\\Dokumenty\\15projects\\TaskLists\\tasker\\src\\router\\index.js": {"path":"C:\\Users\\dekie\\OneDrive\\Dokumenty\\15projects\\TaskLists\\tasker\\src\\router\\index.js","statementMap":{"0":{"start":{"line":5,"column":0},"end":{"line":5,"column":19}},"1":{"start":{"line":7,"column":15},"end":{"line":22,"column":1}},"2":{"start":{"line":20,"column":6},"end":{"line":20,"column":66}},"3":{"start":{"line":24,"column":15},"end":{"line":26,"column":2}}},"fnMap":{"0":{"name":"(anonymous_0)","decl":{"start":{"line":19,"column":15},"end":{"line":19,"column":16}},"loc":{"start":{"line":20,"column":6},"end":{"line":20,"column":66}},"line":20}},"branchMap":{},"s":{"0":0,"1":0,"2":0,"3":0},"f":{"0":0},"b":{},"hash":"c5b2d571abaeca8a2240bc3b7d7288af27a07e79"}
,"C:\\Users\\dekie\\OneDrive\\Dokumenty\\15projects\\TaskLists\\tasker\\src\\store\\index.js": {"path":"C:\\Users\\dekie\\OneDrive\\Dokumenty\\15projects\\TaskLists\\tasker\\src\\store\\index.js","statementMap":{"0":{"start":{"line":4,"column":0},"end":{"line":4,"column":14}}},"fnMap":{},"branchMap":{},"s":{"0":0},"f":{},"b":{},"hash":"22a2bd8a1a8eca1ab56c23604f005cadc0ef3faa"}
,"C:\\Users\\dekie\\OneDrive\\Dokumenty\\15projects\\TaskLists\\tasker\\src\\views\\Home.vue": {"path":"C:\\Users\\dekie\\OneDrive\\Dokumenty\\15projects\\TaskLists\\tasker\\src\\views\\Home.vue","statementMap":{"0":{"start":{"line":10,"column":0},"end":{"line":10,"column":null}}},"fnMap":{},"branchMap":{},"s":{"0":0},"f":{},"b":{}}
}
