TN:
SF:C:\Users\dekie\OneDrive\Dokumenty\15projects\TaskLists\tasker\src\App.vue
FNF:0
FNH:0
DA:10,0
DA:11,0
LF:2
LH:0
BRF:0
BRH:0
end_of_record
TN:
SF:C:\Users\dekie\OneDrive\Dokumenty\15projects\TaskLists\tasker\src\components\TopBar.vue
FN:30,(anonymous_1)
FNF:1
FNH:0
FNDA:0,(anonymous_1)
DA:31,0
LF:1
LH:0
BRF:0
BRH:0
end_of_record
TN:
SF:C:\Users\dekie\OneDrive\Dokumenty\15projects\TaskLists\tasker\src\router\index.js
FN:19,(anonymous_0)
FNF:1
FNH:0
FNDA:0,(anonymous_0)
DA:5,0
DA:7,0
DA:20,0
DA:24,0
LF:4
LH:0
BRF:0
BRH:0
end_of_record
TN:
SF:C:\Users\dekie\OneDrive\Dokumenty\15projects\TaskLists\tasker\src\store\index.js
FNF:0
FNH:0
DA:4,0
LF:1
LH:0
BRF:0
BRH:0
end_of_record
TN:
SF:C:\Users\dekie\OneDrive\Dokumenty\15projects\TaskLists\tasker\src\views\Home.vue
FNF:0
FNH:0
DA:10,0
LF:1
LH:0
BRF:0
BRH:0
end_of_record
